<?xml version="1.0" encoding="UTF-8"?>
<!-- Generated by org.testng.reporters.JUnitReportReporter -->
<testsuite hostname="ONSARE" failures="0" tests="1" name="waitTest" time="4.378" errors="0" timestamp="2021-09-30T23:45:27 PDT" skipped="0">
  <testcase classname="waitTest" name="testUntitled" time="4.378"/>
  <system-out/>
</testsuite> <!-- waitTest -->
